<?xml version="1.0" encoding="UTF-8"?>
<testsuite xmlns:xsi="http://www.w3.org/2001/XMLSchema-instance" xsi:noNamespaceSchemaLocation="https://maven.apache.org/surefire/maven-surefire-plugin/xsd/surefire-test-report-3.0.xsd" version="3.0" name="runner.CucumberTest" time="13.023" tests="7" errors="0" skipped="0" failures="0">
  <properties>
[...]
</properties>
  <testcase name="Verify status code and response time" classname="API GET request to ibltest endpoint" time="3.745">
    <system-out><![CDATA[
Scenario: Verify status code and response time                           &amp#27;[90m# features/scenario1.feature:3&amp#27;[0m
  &amp#27;[32mGiven &amp#27;[0m&amp#27;[32mI make a GET request to &amp#27;[0m&amp#27;[32m&amp#27;[1m"https://testapi.io/api/RMSTest/ibltest"&amp#27;[0m &amp#27;[90m# stepdefinitions.ApiSteps.i_make_a_get_request(java.lang.String)&amp#27;[0m
  &amp#27;[32mThen &amp#27;[0m&amp#27;[32mthe response code should be &amp#27;[0m&amp#27;[32m&amp#27;[1m200&amp#27;[0m                                   &amp#27;[90m# stepdefinitions.ApiSteps.the_response_code_should_be(int)&amp#27;[0m
Actual response time: 2194 ms
  &amp#27;[32mAnd &amp#27;[0m&amp#27;[32mthe response time should be below &amp#27;[0m&amp#27;[32m&amp#27;[1m3000&amp#27;[0m&amp#27;[32m milliseconds&amp#27;[0m                &amp#27;[90m# stepdefinitions.ApiSteps.the_response_time_should_be_below(int)&amp#27;[0m
]]></system-out>
  </testcase>
  <testcase name="Check &apos;id&apos; and &apos;episode.type&apos;" classname="Validate data integrity and type" time="2.483">
    <system-out><![CDATA[
Scenario: Check 'id' and 'episode.type'                                  &amp#27;[90m# features/scenario2.feature:3&amp#27;[0m
  &amp#27;[32mGiven &amp#27;[0m&amp#27;[32mI make a GET request to &amp#27;[0m&amp#27;[32m&amp#27;[1m"https://testapi.io/api/RMSTest/ibltest"&amp#27;[0m &amp#27;[90m# stepdefinitions.ApiSteps.i_make_a_get_request(java.lang.String)&amp#27;[0m
  &amp#27;[32mThen &amp#27;[0m&amp#27;[32meach item in the data array should have a non-empty &amp#27;[0m&amp#27;[32m&amp#27;[1m"id"&amp#27;[0m          &amp#27;[90m# stepdefinitions.ApiSteps.each_item_in_the_data_array_should_have_a_non_empty(java.lang.String)&amp#27;[0m
  &amp#27;[32mAnd &amp#27;[0m&amp#27;[32meach item should have &amp#27;[0m&amp#27;[32m&amp#27;[1m"episode.type"&amp#27;[0m&amp#27;[32m equal to &amp#27;[0m&amp#27;[32m&amp#27;[1m"episode"&amp#27;[0m            &amp#27;[90m# stepdefinitions.ApiSteps.each_item_should_have_equal_to(java.lang.String,java.lang.String)&amp#27;[0m
]]></system-out>
  </testcase>
  <testcase name="Check &apos;episode.title&apos; is never empty" classname="Validate episode title" time="1.245">
    <system-out><![CDATA[
Scenario: Check 'episode.title' is never empty                           &amp#27;[90m# features/scenario3.feature:3&amp#27;[0m
  &amp#27;[32mGiven &amp#27;[0m&amp#27;[32mI make a GET request to &amp#27;[0m&amp#27;[32m&amp#27;[1m"https://testapi.io/api/RMSTest/ibltest"&amp#27;[0m &amp#27;[90m# stepdefinitions.ApiSteps.i_make_a_get_request(java.lang.String)&amp#27;[0m
  &amp#27;[32mThen &amp#27;[0m&amp#27;[32meach item should have a non-empty &amp#27;[0m&amp#27;[32m&amp#27;[1m"episode.title"&amp#27;[0m                 &amp#27;[90m# stepdefinitions.ApiSteps.each_item_should_have_a_non_empty(java.lang.String)&amp#27;[0m
]]></system-out>
  </testcase>
  <testcase name="Check only one live episode exists" classname="Validate only one live episode" time="1.277">
    <system-out><![CDATA[
Scenario: Check only one live episode exists                             &amp#27;[90m# features/scenario4.feature:3&amp#27;[0m
  &amp#27;[32mGiven &amp#27;[0m&amp#27;[32mI make a GET request to &amp#27;[0m&amp#27;[32m&amp#27;[1m"https://testapi.io/api/RMSTest/ibltest"&amp#27;[0m &amp#27;[90m# stepdefinitions.ApiSteps.i_make_a_get_request(java.lang.String)&amp#27;[0m
  &amp#27;[32mThen &amp#27;[0m&amp#27;[32monly one item should have &amp#27;[0m&amp#27;[32m&amp#27;[1m"episode.live"&amp#27;[0m&amp#27;[32m equal to true&amp#27;[0m            &amp#27;[90m# stepdefinitions.ApiSteps.only_one_item_should_have_equal_to_true(java.lang.String)&amp#27;[0m
]]></system-out>
  </testcase>
  <testcase name="Start date should be before end date" classname="Validate transmission dates" time="1.195">
    <system-out><![CDATA[
Scenario: Start date should be before end date                              &amp#27;[90m# features/scenario5.feature:3&amp#27;[0m
  &amp#27;[32mGiven &amp#27;[0m&amp#27;[32mI make a GET request to &amp#27;[0m&amp#27;[32m&amp#27;[1m"https://testapi.io/api/RMSTest/ibltest"&amp#27;[0m    &amp#27;[90m# stepdefinitions.ApiSteps.i_make_a_get_request(java.lang.String)&amp#27;[0m
  &amp#27;[32mThen &amp#27;[0m&amp#27;[32meach item should have &amp#27;[0m&amp#27;[32m&amp#27;[1m"transmission_start"&amp#27;[0m&amp#27;[32m before &amp#27;[0m&amp#27;[32m&amp#27;[1m"transmission_end"&amp#27;[0m &amp#27;[90m# stepdefinitions.ApiSteps.each_item_should_have_before(java.lang.String,java.lang.String)&amp#27;[0m
]]></system-out>
  </testcase>
  <testcase name="Check &apos;Date&apos; header exists" classname="Validate response header date" time="1.247">
    <system-out><![CDATA[
Scenario: Check 'Date' header exists                                     &amp#27;[90m# features/scenario6.feature:3&amp#27;[0m
  &amp#27;[32mGiven &amp#27;[0m&amp#27;[32mI make a GET request to &amp#27;[0m&amp#27;[32m&amp#27;[1m"https://testapi.io/api/RMSTest/ibltest"&amp#27;[0m &amp#27;[90m# stepdefinitions.ApiSteps.i_make_a_get_request(java.lang.String)&amp#27;[0m
  &amp#27;[32mThen &amp#27;[0m&amp#27;[32mthe response should contain a &amp#27;[0m&amp#27;[32m&amp#27;[1m"Date"&amp#27;[0m&amp#27;[32m header&amp#27;[0m                       &amp#27;[90m# stepdefinitions.ApiSteps.the_response_should_contain_a_header(java.lang.String)&amp#27;[0m
]]></system-out>
  </testcase>
  <testcase name="Verify response for invalid date" classname="Validate 404 and error object for invalid date" time="0.813">
    <system-out><![CDATA[
Scenario: Verify response for invalid date                                          &amp#27;[90m# features/scenario7.feature:3&amp#27;[0m
  &amp#27;[32mGiven &amp#27;[0m&amp#27;[32mI make a GET request to &amp#27;[0m&amp#27;[32m&amp#27;[1m"https://testapi.io/api/RMSTest/ibltest/2023-09-11"&amp#27;[0m &amp#27;[90m# stepdefinitions.ApiSteps.i_make_a_get_request(java.lang.String)&amp#27;[0m
  &amp#27;[32mThen &amp#27;[0m&amp#27;[32mthe response code should be &amp#27;[0m&amp#27;[32m&amp#27;[1m404&amp#27;[0m                                              &amp#27;[90m# stepdefinitions.ApiSteps.the_response_code_should_be(int)&amp#27;[0m
  &amp#27;[32mAnd &amp#27;[0m&amp#27;[32mthe response body should &amp#27;[0m&amp#27;[32m&amp#27;[1m"contain"&amp#27;[0m&amp#27;[32m &amp#27;[0m&amp#27;[32m&amp#27;[1m"details"&amp#27;[0m&amp#27;[32m and &amp#27;[0m&amp#27;[32m&amp#27;[1m"http_response_code"&amp#27;[0m         &amp#27;[90m# stepdefinitions.ApiSteps.the_response_body_should_and(java.lang.String,java.lang.String,java.lang.String)&amp#27;[0m
]]></system-out>
  </testcase>
</testsuite>